<?xml version="1.0" encoding="UTF-8"?>
<testng-results ignored="0" total="1" passed="1" failed="0" skipped="0">
  <reporter-output>
  </reporter-output>
  <suite started-at="2023-02-23T00:21:57 IST" name="Default suite" finished-at="2023-02-23T00:23:07 IST" duration-ms="69718">
    <groups>
    </groups>
    <test started-at="2023-02-23T00:21:57 IST" name="Default test" finished-at="2023-02-23T00:23:07 IST" duration-ms="69718">
      <class name="testes.RunTest">
        <test-method is-config="true" signature="lunchApp()[pri:0, instance:testes.RunTest@7f0eb4b4]" started-at="2023-02-23T00:21:57 IST" name="lunchApp" finished-at="2023-02-23T00:22:11 IST" duration-ms="14083" status="PASS">
          <reporter-output>
          </reporter-output>
        </test-method> <!-- lunchApp -->
        <test-method signature="run()[pri:0, instance:testes.RunTest@7f0eb4b4]" started-at="2023-02-23T00:22:11 IST" name="run" finished-at="2023-02-23T00:23:06 IST" duration-ms="55000" status="PASS">
          <reporter-output>
          </reporter-output>
        </test-method> <!-- run -->
        <test-method is-config="true" signature="tearDown()[pri:0, instance:testes.RunTest@7f0eb4b4]" started-at="2023-02-23T00:23:06 IST" name="tearDown" finished-at="2023-02-23T00:23:07 IST" duration-ms="561" status="PASS">
          <reporter-output>
          </reporter-output>
        </test-method> <!-- tearDown -->
      </class> <!-- testes.RunTest -->
    </test> <!-- Default test -->
  </suite> <!-- Default suite -->
</testng-results>
